TN:
SF:config.js
FNF:0
FNH:0
DA:1,1
LF:1
LH:1
BRDA:2,0,0,1
BRDA:2,0,1,1
BRDA:3,1,0,1
BRDA:3,1,1,0
BRDA:4,2,0,1
BRDA:4,2,1,0
BRF:6
BRH:4
end_of_record
TN:
SF:src\app.js
FN:19,(anonymous_0)
FNF:1
FNH:0
FNDA:0,(anonymous_0)
DA:1,1
DA:2,1
DA:3,1
DA:4,1
DA:5,1
DA:6,1
DA:7,1
DA:8,1
DA:9,1
DA:10,1
DA:12,1
DA:14,1
DA:16,1
DA:17,1
DA:18,1
DA:19,1
DA:21,0
DA:22,0
DA:28,0
DA:29,0
DA:31,0
DA:34,1
DA:35,1
DA:36,1
DA:37,1
DA:39,1
LF:26
LH:21
BRDA:14,0,0,0
BRDA:14,0,1,1
BRDA:21,1,0,0
BRDA:21,1,1,0
BRF:4
BRH:1
end_of_record
TN:
SF:src\auth\auth-router.js
FN:8,(anonymous_0)
FN:12,(anonymous_1)
FN:21,(anonymous_2)
FN:33,(anonymous_3)
FN:42,(anonymous_4)
FNF:5
FNH:3
FNDA:0,(anonymous_0)
FNDA:0,(anonymous_1)
FNDA:1,(anonymous_2)
FNDA:1,(anonymous_3)
FNDA:1,(anonymous_4)
DA:1,1
DA:2,1
DA:4,1
DA:5,1
DA:7,1
DA:9,0
DA:11,0
DA:13,0
DA:14,0
DA:16,0
DA:22,1
DA:23,1
DA:24,1
DA:26,1
DA:27,2
DA:28,0
DA:32,1
DA:34,1
DA:35,0
DA:39,1
DA:43,1
DA:44,0
DA:49,1
DA:50,1
DA:51,1
DA:59,1
LF:26
LH:18
BRDA:13,0,0,0
BRDA:13,0,1,0
BRDA:27,1,0,0
BRDA:27,1,1,2
BRDA:34,2,0,0
BRDA:34,2,1,1
BRDA:43,3,0,0
BRDA:43,3,1,1
BRF:8
BRH:3
end_of_record
TN:
SF:src\auth\auth-service.js
FN:6,(anonymous_0)
FN:11,(anonymous_1)
FN:14,(anonymous_2)
FN:20,(anonymous_3)
FNF:4
FNH:4
FNDA:8,(anonymous_0)
FNDA:1,(anonymous_1)
FNDA:2,(anonymous_2)
FNDA:7,(anonymous_3)
DA:1,1
DA:2,1
DA:3,1
DA:5,1
DA:7,8
DA:12,1
DA:15,2
DA:21,7
DA:27,1
LF:9
LH:9
BRF:0
BRH:0
end_of_record
TN:
SF:src\collections\collections-route.js
FN:11,(anonymous_0)
FN:14,(anonymous_1)
FN:22,(anonymous_2)
FN:32,(anonymous_3)
FN:38,(anonymous_4)
FN:49,(anonymous_5)
FN:60,(anonymous_6)
FN:65,(anonymous_7)
FN:72,(anonymous_8)
FN:78,(anonymous_9)
FN:79,(anonymous_10)
FN:80,(anonymous_11)
FN:82,(anonymous_12)
FN:88,(anonymous_13)
FN:94,(anonymous_14)
FN:113,(anonymous_15)
FN:118,(anonymous_16)
FN:127,(anonymous_17)
FNF:18
FNH:14
FNDA:1,(anonymous_0)
FNDA:1,(anonymous_1)
FNDA:1,(anonymous_2)
FNDA:1,(anonymous_3)
FNDA:1,(anonymous_4)
FNDA:1,(anonymous_5)
FNDA:0,(anonymous_6)
FNDA:1,(anonymous_7)
FNDA:1,(anonymous_8)
FNDA:1,(anonymous_9)
FNDA:0,(anonymous_10)
FNDA:0,(anonymous_11)
FNDA:1,(anonymous_12)
FNDA:0,(anonymous_13)
FNDA:1,(anonymous_14)
FNDA:1,(anonymous_15)
FNDA:1,(anonymous_16)
FNDA:1,(anonymous_17)
DA:1,1
DA:2,1
DA:3,1
DA:5,1
DA:6,1
DA:8,1
DA:12,1
DA:15,1
DA:23,1
DA:24,1
DA:26,1
DA:27,0
DA:30,1
DA:33,1
DA:34,0
DA:36,1
DA:39,1
DA:46,1
DA:50,1
DA:51,1
DA:53,1
DA:54,0
DA:57,1
DA:58,0
DA:61,0
DA:65,1
DA:66,1
DA:72,1
DA:73,1
DA:76,1
DA:79,1
DA:80,1
DA:82,1
DA:83,1
DA:84,0
DA:86,1
DA:88,0
DA:95,1
DA:96,1
DA:97,1
DA:99,1
DA:100,0
DA:103,1
DA:104,0
DA:107,1
DA:108,0
DA:111,1
DA:114,1
DA:119,1
DA:121,1
DA:122,0
DA:125,1
DA:128,1
DA:133,1
LF:54
LH:43
BRDA:26,0,0,0
BRDA:26,0,1,1
BRDA:33,1,0,0
BRDA:33,1,1,1
BRDA:53,2,0,0
BRDA:53,2,1,1
BRDA:57,3,0,0
BRDA:57,3,1,1
BRDA:73,4,0,0
BRDA:73,4,1,1
BRDA:99,5,0,0
BRDA:99,5,1,1
BRDA:103,6,0,0
BRDA:103,6,1,1
BRDA:107,7,0,0
BRDA:107,7,1,1
BRDA:121,8,0,0
BRDA:121,8,1,1
BRF:18
BRH:9
end_of_record
TN:
SF:src\collections\collections-service.js
FN:5,(anonymous_0)
FN:9,(anonymous_1)
FN:15,(anonymous_2)
FN:19,(anonymous_3)
FN:22,(anonymous_4)
FN:26,(anonymous_5)
FN:29,(anonymous_6)
FN:36,(anonymous_7)
FN:39,(anonymous_8)
FN:43,(anonymous_9)
FN:51,(anonymous_10)
FN:52,(anonymous_11)
FN:53,(anonymous_12)
FN:69,(anonymous_13)
FN:76,(anonymous_14)
FN:79,(anonymous_15)
FNF:16
FNH:14
FNDA:1,(anonymous_0)
FNDA:1,(anonymous_1)
FNDA:1,(anonymous_2)
FNDA:1,(anonymous_3)
FNDA:1,(anonymous_4)
FNDA:1,(anonymous_5)
FNDA:1,(anonymous_6)
FNDA:1,(anonymous_7)
FNDA:1,(anonymous_8)
FNDA:1,(anonymous_9)
FNDA:1,(anonymous_10)
FNDA:1,(anonymous_11)
FNDA:0,(anonymous_12)
FNDA:1,(anonymous_13)
FNDA:1,(anonymous_14)
FNDA:0,(anonymous_15)
DA:1,1
DA:2,1
DA:4,1
DA:6,1
DA:10,1
DA:16,1
DA:20,1
DA:23,1
DA:26,1
DA:30,1
DA:36,1
DA:40,1
DA:44,1
DA:51,1
DA:53,1
DA:54,0
DA:55,0
DA:65,1
DA:70,1
DA:76,1
DA:80,0
DA:87,1
LF:22
LH:19
BRDA:54,0,0,0
BRDA:54,0,1,0
BRF:2
BRH:0
end_of_record
TN:
SF:src\middleware\jwt-auth.js
FN:3,requireAuth
FN:17,(anonymous_1)
FN:25,(anonymous_2)
FNF:3
FNH:2
FNDA:7,requireAuth
FNDA:7,(anonymous_1)
FNDA:0,(anonymous_2)
DA:1,1
DA:4,7
DA:7,7
DA:8,0
DA:10,7
DA:13,7
DA:14,7
DA:16,7
DA:18,7
DA:19,0
DA:21,7
DA:22,7
DA:23,7
DA:26,0
DA:27,0
DA:30,0
DA:34,1
LF:17
LH:12
BRDA:4,0,0,7
BRDA:4,0,1,0
BRDA:7,1,0,0
BRDA:7,1,1,7
BRDA:18,2,0,0
BRDA:18,2,1,7
BRF:6
BRH:3
end_of_record
TN:
SF:src\packages\packages-route.js
FN:10,(anonymous_0)
FN:22,(anonymous_1)
FN:28,(anonymous_2)
FN:39,(anonymous_3)
FN:48,(anonymous_4)
FNF:5
FNH:5
FNDA:1,(anonymous_0)
FNDA:1,(anonymous_1)
FNDA:1,(anonymous_2)
FNDA:1,(anonymous_3)
FNDA:1,(anonymous_4)
DA:1,1
DA:2,1
DA:3,1
DA:4,1
DA:5,1
DA:7,1
DA:11,1
DA:13,1
DA:14,0
DA:16,1
DA:17,0
DA:20,1
DA:23,1
DA:24,0
DA:26,1
DA:29,1
DA:36,1
DA:40,1
DA:42,1
DA:43,0
DA:46,1
DA:49,1
DA:54,1
LF:23
LH:19
BRDA:13,0,0,0
BRDA:13,0,1,1
BRDA:16,1,0,0
BRDA:16,1,1,1
BRDA:23,2,0,0
BRDA:23,2,1,1
BRDA:42,3,0,0
BRDA:42,3,1,1
BRF:8
BRH:4
end_of_record
TN:
SF:src\packages\packages-service.js
FN:2,(anonymous_0)
FN:6,(anonymous_1)
FN:8,(anonymous_2)
FN:11,(anonymous_3)
FNF:4
FNH:4
FNDA:1,(anonymous_0)
FNDA:1,(anonymous_1)
FNDA:1,(anonymous_2)
FNDA:1,(anonymous_3)
DA:1,1
DA:3,1
DA:6,1
DA:9,1
DA:12,1
DA:16,1
LF:6
LH:6
BRF:0
BRH:0
end_of_record
TN:
SF:src\users\users-route.js
FN:9,(anonymous_0)
FN:20,(anonymous_1)
FNF:2
FNH:2
FNDA:1,(anonymous_0)
FNDA:1,(anonymous_1)
DA:1,1
DA:2,1
DA:3,1
DA:4,1
DA:6,1
DA:7,1
DA:9,1
DA:10,1
DA:11,1
DA:13,1
DA:16,1
DA:18,1
DA:21,1
DA:22,1
DA:27,1
LF:15
LH:15
BRF:0
BRH:0
end_of_record
TN:
SF:src\users\users-service.js
FN:2,(anonymous_0)
FN:6,(anonymous_1)
FNF:2
FNH:2
FNDA:1,(anonymous_0)
FNDA:1,(anonymous_1)
DA:1,1
DA:3,1
DA:6,1
DA:10,1
LF:4
LH:4
BRF:0
BRH:0
end_of_record
